<?xml version="1.0" encoding="UTF-8"?>
<testsuite name="it.uniba.example.utils.test.StringUtilsTest" tests="7" skipped="1" failures="0" errors="0" timestamp="2020-05-19T15:00:20" hostname="DESKTOP-I7T8PQA" time="0.019">
  <properties/>
  <testcase name="testConvertToDoubleWithNullArgument()" classname="it.uniba.example.utils.test.StringUtilsTest" time="0.003"/>
  <testcase name="testIsNullOrBlankOK()" classname="it.uniba.example.utils.test.StringUtilsTest" time="0.0"/>
  <testcase name="testConcatWithAllNullInput()" classname="it.uniba.example.utils.test.StringUtilsTest" time="0.001">
    <skipped/>
  </testcase>
  <testcase name="testConvertToDoubleOK()" classname="it.uniba.example.utils.test.StringUtilsTest" time="0.006"/>
  <testcase name="testConvertToDoubleThrowException()" classname="it.uniba.example.utils.test.StringUtilsTest" time="0.001"/>
  <testcase name="testConcatWithRegularInput()" classname="it.uniba.example.utils.test.StringUtilsTest" time="0.001"/>
  <testcase name="testConcatWithNullInput()" classname="it.uniba.example.utils.test.StringUtilsTest" time="0.001"/>
  <system-out><![CDATA[]]></system-out>
  <system-err><![CDATA[]]></system-err>
</testsuite>
